This is pdfTeX, Version 3.14159265-2.6-1.40.20 (TeX Live 2019) (preloaded format=pdflatex 2019.11.26)  12 DEC 2020 22:47
entering extended mode
 restricted \write18 enabled.
 %&-line parsing enabled.
**xamples.tex
(./xamples.tex
LaTeX2e <2018-12-01>
(/usr/share/texlive/texmf-dist/tex/latex/base/article.cls
Document Class: article 2018/09/03 v1.4i Standard LaTeX document class
(/usr/share/texlive/texmf-dist/tex/latex/base/size10.clo
File: size10.clo 2018/09/03 v1.4i Standard LaTeX file (size option)
)
\c@part=\count80
\c@section=\count81
\c@subsection=\count82
\c@subsubsection=\count83
\c@paragraph=\count84
\c@subparagraph=\count85
\c@figure=\count86
\c@table=\count87
\abovecaptionskip=\skip41
\belowcaptionskip=\skip42
\bibindent=\dimen102
)
(/usr/share/texlive/texmf-dist/tex/latex/amsmath/amsmath.sty
Package: amsmath 2018/12/01 v2.17b AMS math features
\@mathmargin=\skip43

For additional information on amsmath, use the `?' option.
(/usr/share/texlive/texmf-dist/tex/latex/amsmath/amstext.sty
Package: amstext 2000/06/29 v2.01 AMS text

(/usr/share/texlive/texmf-dist/tex/latex/amsmath/amsgen.sty
File: amsgen.sty 1999/11/30 v2.0 generic functions
\@emptytoks=\toks14
\ex@=\dimen103
))
(/usr/share/texlive/texmf-dist/tex/latex/amsmath/amsbsy.sty
Package: amsbsy 1999/11/29 v1.2d Bold Symbols
\pmbraise@=\dimen104
)
(/usr/share/texlive/texmf-dist/tex/latex/amsmath/amsopn.sty
Package: amsopn 2016/03/08 v2.02 operator names
)
\inf@bad=\count88
LaTeX Info: Redefining \frac on input line 223.
\uproot@=\count89
\leftroot@=\count90
LaTeX Info: Redefining \overline on input line 385.
\classnum@=\count91
\DOTSCASE@=\count92
LaTeX Info: Redefining \ldots on input line 482.
LaTeX Info: Redefining \dots on input line 485.
LaTeX Info: Redefining \cdots on input line 606.
\Mathstrutbox@=\box27
\strutbox@=\box28
\big@size=\dimen105
LaTeX Font Info:    Redeclaring font encoding OML on input line 729.
LaTeX Font Info:    Redeclaring font encoding OMS on input line 730.
\macc@depth=\count93
\c@MaxMatrixCols=\count94
\dotsspace@=\muskip10
\c@parentequation=\count95
\dspbrk@lvl=\count96
\tag@help=\toks15
\row@=\count97
\column@=\count98
\maxfields@=\count99
\andhelp@=\toks16
\eqnshift@=\dimen106
\alignsep@=\dimen107
\tagshift@=\dimen108
\tagwidth@=\dimen109
\totwidth@=\dimen110
\lineht@=\dimen111
\@envbody=\toks17
\multlinegap=\skip44
\multlinetaggap=\skip45
\mathdisplay@stack=\toks18
LaTeX Info: Redefining \[ on input line 2844.
LaTeX Info: Redefining \] on input line 2845.
)
(/usr/share/texlive/texmf-dist/tex/latex/amsfonts/amssymb.sty
Package: amssymb 2013/01/14 v3.01 AMS font symbols

(/usr/share/texlive/texmf-dist/tex/latex/amsfonts/amsfonts.sty
Package: amsfonts 2013/01/14 v3.01 Basic AMSFonts support
\symAMSa=\mathgroup4
\symAMSb=\mathgroup5
LaTeX Font Info:    Overwriting math alphabet `\mathfrak' in version `bold'
(Font)                  U/euf/m/n --> U/euf/b/n on input line 106.
))
(/usr/share/texlive/texmf-dist/tex/latex/graphics/graphics.sty
Package: graphics 2017/06/25 v1.2c Standard LaTeX Graphics (DPC,SPQR)

(/usr/share/texlive/texmf-dist/tex/latex/graphics/trig.sty
Package: trig 2016/01/03 v1.10 sin cos tan (DPC)
)
(/usr/share/texlive/texmf-dist/tex/latex/graphics-cfg/graphics.cfg
File: graphics.cfg 2016/06/04 v1.11 sample graphics configuration
)
Package graphics Info: Driver file: pdftex.def on input line 99.

(/usr/share/texlive/texmf-dist/tex/latex/graphics-def/pdftex.def
File: pdftex.def 2018/01/08 v1.0l Graphics/color driver for pdftex
))
(/usr/share/texlive/texmf-dist/tex/latex/setspace/setspace.sty
Package: setspace 2011/12/19 v6.7a set line spacing
)
\c@mathematicapage=\count100

(latex.out/xamples.aux)
\openout1 = `xamples.aux'.

LaTeX Font Info:    Checking defaults for OML/cmm/m/it on input line 10.
LaTeX Font Info:    ... okay on input line 10.
LaTeX Font Info:    Checking defaults for T1/cmr/m/n on input line 10.
LaTeX Font Info:    ... okay on input line 10.
LaTeX Font Info:    Checking defaults for OT1/cmr/m/n on input line 10.
LaTeX Font Info:    ... okay on input line 10.
LaTeX Font Info:    Checking defaults for OMS/cmsy/m/n on input line 10.
LaTeX Font Info:    ... okay on input line 10.
LaTeX Font Info:    Checking defaults for OMX/cmex/m/n on input line 10.
LaTeX Font Info:    ... okay on input line 10.
LaTeX Font Info:    Checking defaults for U/cmr/m/n on input line 10.
LaTeX Font Info:    ... okay on input line 10.

(/usr/share/texlive/texmf-dist/tex/context/base/mkii/supp-pdf.mkii
[Loading MPS to PDF converter (version 2006.09.02).]
\scratchcounter=\count101
\scratchdimen=\dimen112
\scratchbox=\box29
\nofMPsegments=\count102
\nofMParguments=\count103
\everyMPshowfont=\toks19
\MPscratchCnt=\count104
\MPscratchDim=\dimen113
\MPnumerator=\count105
\makeMPintoPDFobject=\count106
\everyMPtoPDFconversion=\toks20
) (/usr/share/texlive/texmf-dist/tex/latex/oberdiek/epstopdf-base.sty
Package: epstopdf-base 2016/05/15 v2.6 Base part for package epstopdf

(/usr/share/texlive/texmf-dist/tex/generic/oberdiek/infwarerr.sty
Package: infwarerr 2016/05/16 v1.4 Providing info/warning/error messages (HO)
)
(/usr/share/texlive/texmf-dist/tex/latex/oberdiek/grfext.sty
Package: grfext 2016/05/16 v1.2 Manage graphics extensions (HO)

(/usr/share/texlive/texmf-dist/tex/generic/oberdiek/kvdefinekeys.sty
Package: kvdefinekeys 2016/05/16 v1.4 Define keys (HO)

(/usr/share/texlive/texmf-dist/tex/generic/oberdiek/ltxcmds.sty
Package: ltxcmds 2016/05/16 v1.23 LaTeX kernel commands for general use (HO)
)))
(/usr/share/texlive/texmf-dist/tex/latex/oberdiek/kvoptions.sty
Package: kvoptions 2016/05/16 v3.12 Key value format for package options (HO)

(/usr/share/texlive/texmf-dist/tex/latex/graphics/keyval.sty
Package: keyval 2014/10/28 v1.15 key=value parser (DPC)
\KV@toks@=\toks21
)
(/usr/share/texlive/texmf-dist/tex/generic/oberdiek/kvsetkeys.sty
Package: kvsetkeys 2016/05/16 v1.17 Key value parser (HO)

(/usr/share/texlive/texmf-dist/tex/generic/oberdiek/etexcmds.sty
Package: etexcmds 2016/05/16 v1.6 Avoid name clashes with e-TeX commands (HO)

(/usr/share/texlive/texmf-dist/tex/generic/oberdiek/ifluatex.sty
Package: ifluatex 2016/05/16 v1.4 Provides the ifluatex switch (HO)
Package ifluatex Info: LuaTeX not detected.
))))
(/usr/share/texlive/texmf-dist/tex/generic/oberdiek/pdftexcmds.sty
Package: pdftexcmds 2018/09/10 v0.29 Utility functions of pdfTeX for LuaTeX (HO
)

(/usr/share/texlive/texmf-dist/tex/generic/oberdiek/ifpdf.sty
Package: ifpdf 2018/09/07 v3.3 Provides the ifpdf switch
)
Package pdftexcmds Info: LuaTeX not detected.
Package pdftexcmds Info: \pdf@primitive is available.
Package pdftexcmds Info: \pdf@ifprimitive is available.
Package pdftexcmds Info: \pdfdraftmode found.
)
Package epstopdf-base Info: Redefining graphics rule for `.eps' on input line 4
38.
Package grfext Info: Graphics extension search list:
(grfext)             [.pdf,.png,.jpg,.mps,.jpeg,.jbig2,.jb2,.PDF,.PNG,.JPG,.JPE
G,.JBIG2,.JB2,.eps]
(grfext)             \AppendGraphicsExtensions on input line 456.

(/usr/share/texlive/texmf-dist/tex/latex/latexconfig/epstopdf-sys.cfg
File: epstopdf-sys.cfg 2010/07/13 v1.3 Configuration of (r)epstopdf for TeX Liv
e
))
LaTeX Font Info:    Try loading font information for U+msa on input line 14.

(/usr/share/texlive/texmf-dist/tex/latex/amsfonts/umsa.fd
File: umsa.fd 2013/01/14 v3.01 AMS symbols A
)
LaTeX Font Info:    Try loading font information for U+msb on input line 14.

(/usr/share/texlive/texmf-dist/tex/latex/amsfonts/umsb.fd
File: umsb.fd 2013/01/14 v3.01 AMS symbols B
)
Underfull \hbox (badness 10000) in paragraph at lines 13--18

 []


Underfull \hbox (badness 10000) in paragraph at lines 13--18

 []


Underfull \hbox (badness 10000) in paragraph at lines 53--56

 []

[1

{/usr/share/texlive/texmf-dist/fonts/map/pdftex/updmap/pdftex.map}]
Overfull \hbox (13.13397pt too wide) in paragraph at lines 94--96
$[]$ 
 []


Overfull \hbox (231.99063pt too wide) in paragraph at lines 99--103
$[][] 
 []


Overfull \hbox (64.04759pt too wide) in paragraph at lines 99--103
[]$ 
 []


Overfull \hbox (317.05121pt too wide) in paragraph at lines 106--109
$[]$ 
 []


Overfull \hbox (258.57384pt too wide) in paragraph at lines 112--121
[][] 
 []


Overfull \hbox (135.13635pt too wide) in paragraph at lines 112--121
[][] 
 []


Overfull \hbox (182.55453pt too wide) in paragraph at lines 112--121
[][] 
 []


Overfull \hbox (120.01558pt too wide) in paragraph at lines 124--148
[][] 
 []


Overfull \hbox (201.79945pt too wide) in paragraph at lines 124--148
[][] 
 []


Overfull \hbox (252.90732pt too wide) in paragraph at lines 124--148
[][] 
 []


Overfull \hbox (133.91426pt too wide) in paragraph at lines 124--148
[][] 
 []


Overfull \hbox (258.16762pt too wide) in paragraph at lines 124--148
[][] 
 []


Overfull \hbox (303.92163pt too wide) in paragraph at lines 124--148
[]$ 
 []

[2]
Overfull \hbox (936.23521pt too wide) in paragraph at lines 154--160
$[]\OML/cmm/m/it/10 k[][][]\OT1/cmr/m/n/10 2[][][]\OML/cmm/m/it/10 k[][][]\OT1/
cmr/m/n/10 [[]\OML/cmm/m/it/10 ; [];[] \OT1/cmr/m/n/10 ][][][][]\OML/cmm/m/it/1
0 k[][][]\OT1/cmr/m/n/10 [[]\OML/cmm/m/it/10 ; [];[] \OT1/cmr/m/n/10 ][][][][][
][][]\OML/cmm/m/it/10 k[][][]\OT1/cmr/m/n/10 [[]\OML/cmm/m/it/10 ; [];[] \OT1/c
mr/m/n/10 ][][][]\OMS/cmsy/m/n/10 ff\OML/cmm/m/it/10 k \OMS/cmsy/m/n/10 !
 []


Overfull \hbox (286.28584pt too wide) in paragraph at lines 154--160
\OT1/cmr/m/n/10 0\OML/cmm/m/it/10 :\OMS/cmsy/m/n/10 g\OML/cmm/m/it/10 ; \OMS/cm
sy/m/n/10 f\OML/cmm/m/it/10 k \OMS/cmsy/m/n/10 ! \OT1/cmr/m/n/10 0\OML/cmm/m/it
/10 :\OT1/cmr/m/n/10 0733398\OMS/cmsy/m/n/10 gg[][][][][][][][][][]$ 
 []

Package epstopdf Info: Source file: <xamples_gr1.eps>
(epstopdf)                    date: 2020-12-12 22:46:34
(epstopdf)                    size: 18822 bytes
(epstopdf)             Output file: <xamples_gr1-eps-converted-to.pdf>
(epstopdf)                    date: 2020-12-12 22:47:02
(epstopdf)                    size: 8618 bytes
(epstopdf)             Command: <repstopdf --outfile=xamples_gr1-eps-converted-
to.pdf xamples_gr1.eps>
(epstopdf)             \includegraphics on input line 167.
Package epstopdf Info: Output file is already uptodate.
<xamples_gr1-eps-converted-to.pdf, id=18, 290.08376pt x 252.945pt>
File: xamples_gr1-eps-converted-to.pdf Graphic file (type pdf)
<use xamples_gr1-eps-converted-to.pdf>
Package pdftex.def Info: xamples_gr1-eps-converted-to.pdf  used on input line 1
67.
(pdftex.def)             Requested size: 290.08304pt x 252.94438pt.

Overfull \hbox (1069.9509pt too wide) in paragraph at lines 173--181
$[][][][]\OT1/cmr/m/n/10 2[][][]\OML/cmm/m/it/10 k[][][]\OT1/cmr/m/n/10 [[]\OML
/cmm/m/it/10 ; [];[] \OT1/cmr/m/n/10 ][][][][]\OML/cmm/m/it/10 k[][][]\OT1/cmr/
m/n/10 [[]\OML/cmm/m/it/10 ; [];[] \OT1/cmr/m/n/10 ][][][][][][][]\OML/cmm/m/it
/10 k[][][]\OT1/cmr/m/n/10 [[]\OML/cmm/m/it/10 ; [];[] \OT1/cmr/m/n/10 ][][][]\
OMS/cmsy/m/n/10 ff\OML/cmm/m/it/10 k \OMS/cmsy/m/n/10 !
 []


Overfull \hbox (205.20943pt too wide) in paragraph at lines 173--181
\OT1/cmr/m/n/10 0\OMS/cmsy/m/n/10 gg[][][][][][][][][][]$ 
 []

[3 <./xamples_gr1-eps-converted-to.pdf>]
Package epstopdf Info: Source file: <xamples_gr2.eps>
(epstopdf)                    date: 2020-12-12 22:46:34
(epstopdf)                    size: 19942 bytes
(epstopdf)             Output file: <xamples_gr2-eps-converted-to.pdf>
(epstopdf)                    date: 2020-12-12 22:47:02
(epstopdf)                    size: 8748 bytes
(epstopdf)             Command: <repstopdf --outfile=xamples_gr2-eps-converted-
to.pdf xamples_gr2.eps>
(epstopdf)             \includegraphics on input line 186.
Package epstopdf Info: Output file is already uptodate.
<xamples_gr2-eps-converted-to.pdf, id=34, 290.08376pt x 256.96pt>
File: xamples_gr2-eps-converted-to.pdf Graphic file (type pdf)
<use xamples_gr2-eps-converted-to.pdf>
Package pdftex.def Info: xamples_gr2-eps-converted-to.pdf  used on input line 1
86.
(pdftex.def)             Requested size: 290.08304pt x 256.95937pt.

Overfull \hbox (379.13995pt too wide) in paragraph at lines 192--194
$[] \OT1/cmr/m/n/10 : []$ 
 []


Overfull \hbox (379.13995pt too wide) in paragraph at lines 195--197
$[] \OT1/cmr/m/n/10 : []$ 
 []


Overfull \hbox (1107.98918pt too wide) in paragraph at lines 198--204
$[][][][][]\OT1/cmr/m/n/10 [\OML/cmm/m/it/10 c\OT1/cmr/m/n/10 ][][]\OML/cmm/m/i
t/10 k[][][]\OT1/cmr/m/n/10 [[]\OML/cmm/m/it/10 ; [];[] \OT1/cmr/m/n/10 ][]0\OM
L/cmm/m/it/10 :\OT1/cmr/m/n/10 444444\OML/cmm/m/it/10 w[][]k[][][]\OT1/cmr/m/n/
10 [[]\OML/cmm/m/it/10 ; [];[] \OT1/cmr/m/n/10 ][]0\OML/cmm/m/it/10 :\OT1/cmr/m
/n/10 444444 [] [][][][][]\OML/cmm/m/it/10 k[][][]\OT1/cmr/m/n/10 [[]\OML/cmm/m
/it/10 ; [];[] \OT1/cmr/m/n/10 ][][][]\OMS/cmsy/m/n/10 ff\OML/cmm/m/it/10 k \OM
S/cmsy/m/n/10 !
 []


Overfull \hbox (205.20943pt too wide) in paragraph at lines 198--204
\OT1/cmr/m/n/10 0\OMS/cmsy/m/n/10 gg[][][][][][][][][][]$ 
 []

Package epstopdf Info: Source file: <xamples_gr3.eps>
(epstopdf)                    date: 2020-12-12 22:46:35
(epstopdf)                    size: 18659 bytes
(epstopdf)             Output file: <xamples_gr3-eps-converted-to.pdf>
(epstopdf)                    date: 2020-12-12 22:47:02
(epstopdf)                    size: 8239 bytes
(epstopdf)             Command: <repstopdf --outfile=xamples_gr3-eps-converted-
to.pdf xamples_gr3.eps>
(epstopdf)             \includegraphics on input line 209.
Package epstopdf Info: Output file is already uptodate.
<xamples_gr3-eps-converted-to.pdf, id=35, 290.08376pt x 256.96pt>
File: xamples_gr3-eps-converted-to.pdf Graphic file (type pdf)
<use xamples_gr3-eps-converted-to.pdf>
Package pdftex.def Info: xamples_gr3-eps-converted-to.pdf  used on input line 2
09.
(pdftex.def)             Requested size: 290.08304pt x 256.95937pt.
[4 <./xamples_gr2-eps-converted-to.pdf>]
Overfull \hbox (379.13995pt too wide) in paragraph at lines 215--217
$[] \OT1/cmr/m/n/10 : []$ 
 []


Overfull \hbox (379.13995pt too wide) in paragraph at lines 218--220
$[] \OT1/cmr/m/n/10 : []$ 
 []


Overfull \hbox (1217.37663pt too wide) in paragraph at lines 221--227
$[] [][] [][][]\OT1/cmr/m/n/10 [\OML/cmm/m/it/10 c\OT1/cmr/m/n/10 ][][]\OML/cmm
/m/it/10 k[][][]\OT1/cmr/m/n/10 [[]\OML/cmm/m/it/10 ; [];[] \OT1/cmr/m/n/10 ][]
0\OML/cmm/m/it/10 :\OT1/cmr/m/n/10 444444\OML/cmm/m/it/10 w[][]k[][][]\OT1/cmr/
m/n/10 [[]\OML/cmm/m/it/10 ; [];[] \OT1/cmr/m/n/10 ][]0\OML/cmm/m/it/10 :\OT1/c
mr/m/n/10 444444 [] [][][][][]\OML/cmm/m/it/10 k[][][]\OT1/cmr/m/n/10 [[]\OML/c
mm/m/it/10 ; [];[] \OT1/cmr/m/n/10 ][][][]\OMS/cmsy/m/n/10 ff\OML/cmm/m/it/10 k
 \OMS/cmsy/m/n/10 !
 []


Overfull \hbox (237.9873pt too wide) in paragraph at lines 221--227
\OT1/cmr/m/n/10 0\OML/cmm/m/it/10 :\OT1/cmr/m/n/10 154832\OMS/cmsy/m/n/10 gg[][
][][][][][][][][]$ 
 []

Package epstopdf Info: Source file: <xamples_gr4.eps>
(epstopdf)                    date: 2020-12-12 22:46:35
(epstopdf)                    size: 16805 bytes
(epstopdf)             Output file: <xamples_gr4-eps-converted-to.pdf>
(epstopdf)                    date: 2020-12-12 22:47:03
(epstopdf)                    size: 7821 bytes
(epstopdf)             Command: <repstopdf --outfile=xamples_gr4-eps-converted-
to.pdf xamples_gr4.eps>
(epstopdf)             \includegraphics on input line 232.
Package epstopdf Info: Output file is already uptodate.
<xamples_gr4-eps-converted-to.pdf, id=52, 290.08376pt x 252.945pt>
File: xamples_gr4-eps-converted-to.pdf Graphic file (type pdf)
<use xamples_gr4-eps-converted-to.pdf>
Package pdftex.def Info: xamples_gr4-eps-converted-to.pdf  used on input line 2
32.
(pdftex.def)             Requested size: 290.08304pt x 252.94438pt.
[5 <./xamples_gr3-eps-converted-to.pdf>]
Overfull \hbox (1419.62704pt too wide) in paragraph at lines 238--246
$[] [][] [][]\OT1/cmr/m/n/10 2[][][]\OML/cmm/m/it/10 k[][][]\OT1/cmr/m/n/10 [[]
\OML/cmm/m/it/10 ; [];[] \OT1/cmr/m/n/10 ][][][][]\OML/cmm/m/it/10 k[][][]\OT1/
cmr/m/n/10 [[]\OML/cmm/m/it/10 ; [];[] \OT1/cmr/m/n/10 ][] [] [][][][][]\OML/cm
m/m/it/10 k[][][]\OT1/cmr/m/n/10 [[]\OML/cmm/m/it/10 ; [];[] \OT1/cmr/m/n/10 ][
][][]\OMS/cmsy/m/n/10 ff\OML/cmm/m/it/10 k \OMS/cmsy/m/n/10 !
 []


Overfull \hbox (237.9873pt too wide) in paragraph at lines 238--246
\OT1/cmr/m/n/10 0\OML/cmm/m/it/10 :\OT1/cmr/m/n/10 128222\OMS/cmsy/m/n/10 gg[][
][][][][][][][][]$ 
 []

Package epstopdf Info: Source file: <xamples_gr5.eps>
(epstopdf)                    date: 2020-12-12 22:46:35
(epstopdf)                    size: 16203 bytes
(epstopdf)             Output file: <xamples_gr5-eps-converted-to.pdf>
(epstopdf)                    date: 2020-12-12 22:47:03
(epstopdf)                    size: 7679 bytes
(epstopdf)             Command: <repstopdf --outfile=xamples_gr5-eps-converted-
to.pdf xamples_gr5.eps>
(epstopdf)             \includegraphics on input line 251.
Package epstopdf Info: Output file is already uptodate.
<xamples_gr5-eps-converted-to.pdf, id=68, 290.08376pt x 252.945pt>
File: xamples_gr5-eps-converted-to.pdf Graphic file (type pdf)
<use xamples_gr5-eps-converted-to.pdf>
Package pdftex.def Info: xamples_gr5-eps-converted-to.pdf  used on input line 2
51.
(pdftex.def)             Requested size: 290.08304pt x 252.94438pt.
[6 <./xamples_gr4-eps-converted-to.pdf>]
Overfull \hbox (379.13995pt too wide) in paragraph at lines 257--259
$[] \OT1/cmr/m/n/10 : []$ 
 []


Overfull \hbox (379.13995pt too wide) in paragraph at lines 260--262
$[] \OT1/cmr/m/n/10 : []$ 
 []


Overfull \hbox (971.27953pt too wide) in paragraph at lines 263--269
$[]\OML/cmm/m/it/10 k[][][][]\OT1/cmr/m/n/10 [\OML/cmm/m/it/10 c\OT1/cmr/m/n/10
 ][][]\OML/cmm/m/it/10 k[][][]\OT1/cmr/m/n/10 [[]\OML/cmm/m/it/10 ; [];[] \OT1/
cmr/m/n/10 ][]0\OML/cmm/m/it/10 :\OT1/cmr/m/n/10 444444\OML/cmm/m/it/10 w[][]k[
][][]\OT1/cmr/m/n/10 [[]\OML/cmm/m/it/10 ; [];[] \OT1/cmr/m/n/10 ][]0\OML/cmm/m
/it/10 :\OT1/cmr/m/n/10 222222\OML/cmm/m/it/10 k[][][][][][]k[][][]\OT1/cmr/m/n
/10 [[]\OML/cmm/m/it/10 ; [];[] \OT1/cmr/m/n/10 ][][][]\OMS/cmsy/m/n/10 ff\OML/
cmm/m/it/10 k \OMS/cmsy/m/n/10 !
 []


Overfull \hbox (286.28584pt too wide) in paragraph at lines 263--269
\OT1/cmr/m/n/10 0\OML/cmm/m/it/10 :\OMS/cmsy/m/n/10 g\OML/cmm/m/it/10 ; \OMS/cm
sy/m/n/10 f\OML/cmm/m/it/10 k \OMS/cmsy/m/n/10 ! \OT1/cmr/m/n/10 0\OML/cmm/m/it
/10 :\OT1/cmr/m/n/10 0493827\OMS/cmsy/m/n/10 gg[][][][][][][][][][]$ 
 []

Package epstopdf Info: Source file: <xamples_gr6.eps>
(epstopdf)                    date: 2020-12-12 22:46:35
(epstopdf)                    size: 21070 bytes
(epstopdf)             Output file: <xamples_gr6-eps-converted-to.pdf>
(epstopdf)                    date: 2020-12-12 22:47:03
(epstopdf)                    size: 9093 bytes
(epstopdf)             Command: <repstopdf --outfile=xamples_gr6-eps-converted-
to.pdf xamples_gr6.eps>
(epstopdf)             \includegraphics on input line 276.
Package epstopdf Info: Output file is already uptodate.
<xamples_gr6-eps-converted-to.pdf, id=84, 290.08376pt x 248.93pt>
File: xamples_gr6-eps-converted-to.pdf Graphic file (type pdf)
<use xamples_gr6-eps-converted-to.pdf>
Package pdftex.def Info: xamples_gr6-eps-converted-to.pdf  used on input line 2
76.
(pdftex.def)             Requested size: 290.08304pt x 248.92938pt.
[7 <./xamples_gr5-eps-converted-to.pdf>]
Overfull \hbox (1046.63126pt too wide) in paragraph at lines 282--290
$[][][][]\OT1/cmr/m/n/10 2[][][]\OML/cmm/m/it/10 k[][][]\OT1/cmr/m/n/10 [[]\OML
/cmm/m/it/10 ; [];[] \OT1/cmr/m/n/10 ][][][][]\OML/cmm/m/it/10 k[][][]\OT1/cmr/
m/n/10 [[]\OML/cmm/m/it/10 ; [];[] \OT1/cmr/m/n/10 ][][][][][][][]\OML/cmm/m/it
/10 k[][][]\OT1/cmr/m/n/10 [[]\OML/cmm/m/it/10 ; [];[] \OT1/cmr/m/n/10 ][][][]\
OMS/cmsy/m/n/10 ff\OML/cmm/m/it/10 k \OMS/cmsy/m/n/10 !
 []


Overfull \hbox (311.28592pt too wide) in paragraph at lines 282--290
\OT1/cmr/m/n/10 0\OML/cmm/m/it/10 :\OT1/cmr/m/n/10 018251\OMS/cmsy/m/n/10 g\OML
/cmm/m/it/10 ; \OMS/cmsy/m/n/10 f\OML/cmm/m/it/10 k \OMS/cmsy/m/n/10 ! \OT1/cmr
/m/n/10 0\OML/cmm/m/it/10 :\OT1/cmr/m/n/10 206304\OMS/cmsy/m/n/10 gg[][][][][][
][][][][]$ 
 []


Overfull \hbox (303.00967pt too wide) in paragraph at lines 296--298
$[]$ 
 []

Package epstopdf Info: Source file: <xamples_gr7.eps>
(epstopdf)                    date: 2020-12-12 22:46:35
(epstopdf)                    size: 19408 bytes
(epstopdf)             Output file: <xamples_gr7-eps-converted-to.pdf>
(epstopdf)                    date: 2020-12-12 22:47:03
(epstopdf)                    size: 8596 bytes
(epstopdf)             Command: <repstopdf --outfile=xamples_gr7-eps-converted-
to.pdf xamples_gr7.eps>
(epstopdf)             \includegraphics on input line 300.
Package epstopdf Info: Output file is already uptodate.
<xamples_gr7-eps-converted-to.pdf, id=101, 290.08376pt x 256.96pt>
File: xamples_gr7-eps-converted-to.pdf Graphic file (type pdf)
<use xamples_gr7-eps-converted-to.pdf>
Package pdftex.def Info: xamples_gr7-eps-converted-to.pdf  used on input line 3
00.
(pdftex.def)             Requested size: 290.08304pt x 256.95937pt.
[8 <./xamples_gr6-eps-converted-to.pdf>] [9 <./xamples_gr7-eps-converted-to.pdf
>] (latex.out/xamples.aux) ) 
Here is how much of TeX's memory you used:
 2311 strings out of 494553
 31335 string characters out of 6177317
 156127 words of memory out of 5000000
 5956 multiletter control sequences out of 15000+600000
 5339 words of font info for 22 fonts, out of 8000000 for 9000
 14 hyphenation exceptions out of 8191
 41i,13n,27p,290b,145s stack positions out of 5000i,500n,10000p,200000b,80000s
</usr/share/texlive/texmf-dist/fonts/type1/public/a
msfonts/cm/cmex10.pfb></usr/share/texlive/texmf-dist/fonts/type1/public/amsfont
s/cmextra/cmex7.pfb></usr/share/texlive/texmf-dist/fonts/type1/public/amsfonts/
cm/cmmi10.pfb></usr/share/texlive/texmf-dist/fonts/type1/public/amsfonts/cm/cmm
i5.pfb></usr/share/texlive/texmf-dist/fonts/type1/public/amsfonts/cm/cmmi7.pfb>
</usr/share/texlive/texmf-dist/fonts/type1/public/amsfonts/cm/cmr10.pfb></usr/s
hare/texlive/texmf-dist/fonts/type1/public/amsfonts/cm/cmr5.pfb></usr/share/tex
live/texmf-dist/fonts/type1/public/amsfonts/cm/cmr7.pfb></usr/share/texlive/tex
mf-dist/fonts/type1/public/amsfonts/cm/cmsy10.pfb></usr/share/texlive/texmf-dis
t/fonts/type1/public/amsfonts/cm/cmsy7.pfb>
Output written on latex.out/xamples.pdf (9 pages, 155821 bytes).
PDF statistics:
 166 PDF objects out of 1000 (max. 8388607)
 108 compressed objects within 2 object streams
 0 named destinations out of 1000 (max. 500000)
 36 words of extra memory for PDF output out of 10000 (max. 10000000)

