\BOOKMARK [2][-]{subsection.0.1}{Introduction}{}% 1
\BOOKMARK [2][-]{subsection.0.2}{References}{}% 2
\BOOKMARK [2][-]{subsection.0.3}{[\1361]: Romer derives all the results in continuous time, we use discrete time.}{}% 3
\BOOKMARK [1][-]{section.1}{Prev/next pager order \(if docs\137section\137pager enabled in params.toml\)}{}% 4
\BOOKMARK [2][-]{subsection.1.1}{weight: 1}{section.1}% 5
\BOOKMARK [2][-]{subsection.1.2}{Utility representation}{section.1}% 6
\BOOKMARK [2][-]{subsection.1.3}{Household's budget constraint}{section.1}% 7
\BOOKMARK [2][-]{subsection.1.4}{Solving the household's problem}{section.1}% 8
\BOOKMARK [3][-]{subsubsection.1.4.1}{The Euler equation}{subsection.1.4}% 9
\BOOKMARK [3][-]{subsubsection.1.4.2}{The Transversality Condition}{subsection.1.4}% 10
\BOOKMARK [2][-]{subsection.1.5}{Definition of intertemporal equilibrium}{section.1}% 11
\BOOKMARK [2][-]{subsection.1.6}{The Golden rule}{section.1}% 12
\BOOKMARK [3][-]{subsubsection.1.6.1}{Under- or over-accumulation of capital in the Ramsey model}{subsection.1.6}% 13
\BOOKMARK [2][-]{subsection.1.7}{Stability of the steady state}{section.1}% 14
\BOOKMARK [3][-]{subsubsection.1.7.1}{Direct computation of the eigenvalues}{subsection.1.7}% 15
\BOOKMARK [3][-]{subsubsection.1.7.2}{Use the intermediate value theorem}{subsection.1.7}% 16
\BOOKMARK [3][-]{subsubsection.1.7.3}{Use eigenvalues' properties}{subsection.1.7}% 17
\BOOKMARK [2][-]{subsection.1.8}{The dynamics of c}{section.1}% 18
\BOOKMARK [2][-]{subsection.1.9}{The dynamics of k}{section.1}% 19
\BOOKMARK [2][-]{subsection.1.10}{The phase diagram}{section.1}% 20
\BOOKMARK [1][-]{section.2}{Prev/next pager order \(if docs\137section\137pager enabled in params.toml\)}{}% 21
\BOOKMARK [2][-]{subsection.2.1}{weight: 6}{section.2}% 22
\BOOKMARK [2][-]{subsection.2.2}{The trajectory around the steady state}{section.2}% 23
\BOOKMARK [3][-]{subsubsection.2.2.1}{The approximation around the steady state}{subsection.2.2}% 24
\BOOKMARK [3][-]{subsubsection.2.2.2}{Diagonalising the matrix: eigenvalues and eigenvectors}{subsection.2.2}% 25
\BOOKMARK [3][-]{subsubsection.2.2.3}{Solving the system}{subsection.2.2}% 26
\BOOKMARK [2][-]{subsection.2.3}{Utility and production functions}{section.2}% 27
\BOOKMARK [2][-]{subsection.2.4}{Household's optimisation}{section.2}% 28
\BOOKMARK [3][-]{subsubsection.2.4.1}{Household's budget constraint}{subsection.2.4}% 29
\BOOKMARK [3][-]{subsubsection.2.4.2}{Intertemporal utility maximistion: Lagrangean}{subsection.2.4}% 30
\BOOKMARK [2][-]{subsection.2.5}{Firm's optimisation}{section.2}% 31
\BOOKMARK [2][-]{subsection.2.6}{The dynamic system}{section.2}% 32
\BOOKMARK [3][-]{subsubsection.2.6.1}{Steady state}{subsection.2.6}% 33
\BOOKMARK [2][-]{subsection.2.7}{Stability}{section.2}% 34
\BOOKMARK [2][-]{subsection.2.8}{Trajectory}{section.2}% 35
\BOOKMARK [3][-]{subsubsection.2.8.1}{Solving the system}{subsection.2.8}% 36
\BOOKMARK [2][-]{subsection.2.9}{Optimality}{section.2}% 37
\BOOKMARK [3][-]{subsubsection.2.9.1}{Social planner}{subsection.2.9}% 38
\BOOKMARK [2][-]{subsection.2.10}{The Golden rule}{section.2}% 39
